<?xml version="1.0" encoding="UTF-8"?>
<testsuite xmlns:xsi="http://www.w3.org/2001/XMLSchema-instance" xsi:noNamespaceSchemaLocation="https://maven.apache.org/surefire/maven-failsafe-plugin/xsd/failsafe-test-report-3.0.xsd" version="3.0" name="POC Example - Get actions" time="3.106" tests="9" errors="0" skipped="0" failures="0">
  <properties>
[...]
</properties>
  <testcase name="Testing an Endpoint - Get action using JSON resource" classname="POC Example - Get actions" time="0.396">
    <system-out><![CDATA[

11
 Scenarios (
&amp#27;[32m11 passed&amp#27;[0m
)

23
 Steps (
&amp#27;[32m23 passed&amp#27;[0m
)

0m
7.964s





18:39:42.465 [pool-2-thread-1] DEBUG net.thucydides.core.reports.ReportService - Reporting formats: [JSON, HTML]

18:39:42.530 [pool-2-thread-1] DEBUG net.thucydides.core.reports.ReportService - Reporting formats: [JSON, HTML]

18:39:42.543 [pool-2-thread-1] DEBUG net.thucydides.core.reports.ReportService - Generating reports for 7 test outcomes using: net.thucydides.core.reports.json.JSONTestOutcomeReporter@1ca51bab

18:39:42.544 [pool-2-thread-1] DEBUG net.thucydides.core.reports.ReportService - Processing test outcome POC Example - Put actions:Create a new user based on body request

18:39:42.544 [pool-2-thread-2] DEBUG net.thucydides.core.reports.ReportService - Processing test outcome POC Example - Put actions:Create a new user based on JSON file (resource)

18:39:42.544 [pool-2-thread-1] DEBUG net.thucydides.core.reports.ReportService - net.thucydides.core.reports.json.JSONTestOutcomeReporter@1ca51bab: Generating report for test outcome: POC Example - Put actions:Create a new user based on body request

18:39:42.544 [pool-2-thread-2] DEBUG net.thucydides.core.reports.ReportService - net.thucydides.core.reports.json.JSONTestOutcomeReporter@1ca51bab: Generating report for test outcome: POC Example - Put actions:Create a new user based on JSON file (resource)

18:39:42.544 [pool-2-thread-3] DEBUG net.thucydides.core.reports.ReportService - Processing test outcome POC Example - Get actions:Testing an Endpoint - Get action using JSON resource

18:39:42.544 [pool-2-thread-3] DEBUG net.thucydides.core.reports.ReportService - net.thucydides.core.reports.json.JSONTestOutcomeReporter@1ca51bab: Generating report for test outcome: POC Example - Get actions:Testing an Endpoint - Get action using JSON resource

18:39:42.544 [pool-2-thread-4] DEBUG net.thucydides.core.reports.ReportService - Processing test outcome POC Example - Get actions:Testing an Endpoint - Get action using string parameter

18:39:42.544 [pool-2-thread-4] DEBUG net.thucydides.core.reports.ReportService - net.thucydides.core.reports.json.JSONTestOutcomeReporter@1ca51bab: Generating report for test outcome: POC Example - Get actions:Testing an Endpoint - Get action using string parameter

18:39:42.545 [pool-2-thread-5] DEBUG net.thucydides.core.reports.ReportService - Processing test outcome POC Example - Get actions:Testing an Endpoint - Get action using string parameter by resource

18:39:42.545 [pool-2-thread-5] DEBUG net.thucydides.core.reports.ReportService - net.thucydides.core.reports.json.JSONTestOutcomeReporter@1ca51bab: Generating report for test outcome: POC Example - Get actions:Testing an Endpoint - Get action using string parameter by resource

18:39:42.545 [pool-2-thread-6] DEBUG net.thucydides.core.reports.ReportService - Processing test outcome POC Example - Get actions:Testing an Endpoint - Get action using example table

18:39:42.545 [pool-2-thread-6] DEBUG net.thucydides.core.reports.ReportService - net.thucydides.core.reports.json.JSONTestOutcomeReporter@1ca51bab: Generating report for test outcome: POC Example - Get actions:Testing an Endpoint - Get action using example table

18:39:42.545 [pool-2-thread-7] DEBUG net.thucydides.core.reports.ReportService - Processing test outcome POC Example - Get actions:Testing an Endpoint - Get action using example table with key

18:39:42.545 [pool-2-thread-7] DEBUG net.thucydides.core.reports.ReportService - net.thucydides.core.reports.json.JSONTestOutcomeReporter@1ca51bab: Generating report for test outcome: POC Example - Get actions:Testing an Endpoint - Get action using example table with key

18:39:42.556 [pool-2-thread-4] DEBUG net.thucydides.core.reports.json.JSONTestOutcomeReporter - Generating JSON report for Testing an Endpoint - Get action using string parameter to file /Users/carlos.bautista/Documents/Disney/ESI-POC/target/site/serenity/63bd63bf163c67d6b1cf7f5c1a6d92bbc1e120ed90ce45244ffec773d8bb9a34.json (using temp file /Users/carlos.bautista/Documents/Disney/ESI-POC/target/site/serenity/63bd63bf163c67d6b1cf7f5c1a6d92bbc1e120ed90ce45244ffec773d8bb9a34.json57a418b9-a717-49b9-9987-6ff0983665d7)

18:39:42.557 [pool-2-thread-6] DEBUG net.thucydides.core.reports.json.JSONTestOutcomeReporter - Generating JSON report for Testing an Endpoint - Get action using example table to file /Users/carlos.bautista/Documents/Disney/ESI-POC/target/site/serenity/dcf53dd971666d917712594bd34386814e325d29bd3a5a8e03b964fbb63531e0.json (using temp file /Users/carlos.bautista/Documents/Disney/ESI-POC/target/site/serenity/dcf53dd971666d917712594bd34386814e325d29bd3a5a8e03b964fbb63531e0.jsonca1011da-fa67-41c0-8b26-75f06bdb76a2)

18:39:42.557 [pool-2-thread-2] DEBUG net.thucydides.core.reports.json.JSONTestOutcomeReporter - Generating JSON report for Create a new user based on JSON file (resource) to file /Users/carlos.bautista/Documents/Disney/ESI-POC/target/site/serenity/16a874e4871b19a95300fff5390286e7c11510081e05d409d49aae5f55f50488.json (using temp file /Users/carlos.bautista/Documents/Disney/ESI-POC/target/site/serenity/16a874e4871b19a95300fff5390286e7c11510081e05d409d49aae5f55f50488.json702eb528-9eac-41f0-ae04-97bcaeca6c32)

18:39:42.556 [pool-2-thread-3] DEBUG net.thucydides.core.reports.json.JSONTestOutcomeReporter - Generating JSON report for Testing an Endpoint - Get action using JSON resource to file /Users/carlos.bautista/Documents/Disney/ESI-POC/target/site/serenity/880356e37ea0d7390dfc31a82e800a503328eab45cae8098d0251b466538a72b.json (using temp file /Users/carlos.bautista/Documents/Disney/ESI-POC/target/site/serenity/880356e37ea0d7390dfc31a82e800a503328eab45cae8098d0251b466538a72b.json95e0a743-c2bd-4ae7-9a3c-2cc5ffee6980)

18:39:42.557 [pool-2-thread-1] DEBUG net.thucydides.core.reports.json.JSONTestOutcomeReporter - Generating JSON report for Create a new user based on body request to file /Users/carlos.bautista/Documents/Disney/ESI-POC/target/site/serenity/0805d5a2408244c86b6ad2f18b5b25a0adf35b620f9e571d2db0ac7d0af98f16.json (using temp file /Users/carlos.bautista/Documents/Disney/ESI-POC/target/site/serenity/0805d5a2408244c86b6ad2f18b5b25a0adf35b620f9e571d2db0ac7d0af98f16.json5a582b16-a29b-4961-8c66-192c44d3360f)

18:39:42.557 [pool-2-thread-5] DEBUG net.thucydides.core.reports.json.JSONTestOutcomeReporter - Generating JSON report for Testing an Endpoint - Get action using string parameter by resource to file /Users/carlos.bautista/Documents/Disney/ESI-POC/target/site/serenity/de0c7d126eca73709d18d362526d6927438b025e099384521f0101aad1889da3.json (using temp file /Users/carlos.bautista/Documents/Disney/ESI-POC/target/site/serenity/de0c7d126eca73709d18d362526d6927438b025e099384521f0101aad1889da3.json9479a59f-dd03-443d-968f-39cd26fb5aff)

18:39:42.557 [pool-2-thread-7] DEBUG net.thucydides.core.reports.json.JSONTestOutcomeReporter - Generating JSON report for Testing an Endpoint - Get action using example table with key to file /Users/carlos.bautista/Documents/Disney/ESI-POC/target/site/serenity/4bd69fc19994716d5ccfcb666a1522e73d43b5829a4edaff33da9a9bbaa15c70.json (using temp file /Users/carlos.bautista/Documents/Disney/ESI-POC/target/site/serenity/4bd69fc19994716d5ccfcb666a1522e73d43b5829a4edaff33da9a9bbaa15c70.json8281bfa3-28f0-4e45-8e12-460e09ee0dd4)

18:39:42.608 [pool-2-thread-2] DEBUG net.thucydides.core.reports.ReportService - Processing test outcome POC Example - Put actions:Create a new user based on JSON file (resource) done

18:39:42.609 [pool-2-thread-1] DEBUG net.thucydides.core.reports.ReportService - Processing test outcome POC Example - Put actions:Create a new user based on body request done

18:39:42.610 [pool-2-thread-4] DEBUG net.thucydides.core.reports.ReportService - Processing test outcome POC Example - Get actions:Testing an Endpoint - Get action using string parameter done

18:39:42.612 [pool-2-thread-5] DEBUG net.thucydides.core.reports.ReportService - Processing test outcome POC Example - Get actions:Testing an Endpoint - Get action using string parameter by resource done

18:39:42.613 [pool-2-thread-3] DEBUG net.thucydides.core.reports.ReportService - Processing test outcome POC Example - Get actions:Testing an Endpoint - Get action using JSON resource done

18:39:42.617 [pool-2-thread-6] DEBUG net.thucydides.core.reports.ReportService - Processing test outcome POC Example - Get actions:Testing an Endpoint - Get action using example table done

18:39:42.617 [pool-2-thread-7] DEBUG net.thucydides.core.reports.ReportService - Processing test outcome POC Example - Get actions:Testing an Endpoint - Get action using example table with key done

18:39:42.618 [pool-2-thread-1] DEBUG net.thucydides.core.reports.ReportService - Shutting down executor service

18:39:42.618 [pool-2-thread-1] DEBUG net.thucydides.core.reports.ReportService - Reports generated in: 75 ms

18:39:42.618 [pool-2-thread-1] DEBUG net.thucydides.core.reports.ReportService - Generating reports for 7 test outcomes using: net.thucydides.core.reports.html.HtmlAcceptanceTestReporter@7991c353

18:39:42.618 [pool-3-thread-1] DEBUG net.thucydides.core.reports.ReportService - Processing test outcome POC Example - Put actions:Create a new user based on body request

18:39:42.618 [pool-3-thread-1] DEBUG net.thucydides.core.reports.ReportService - net.thucydides.core.reports.html.HtmlAcceptanceTestReporter@7991c353: Generating report for test outcome: POC Example - Put actions:Create a new user based on body request

18:39:42.618 [pool-3-thread-2] DEBUG net.thucydides.core.reports.ReportService - Processing test outcome POC Example - Put actions:Create a new user based on JSON file (resource)

18:39:42.618 [pool-3-thread-2] DEBUG net.thucydides.core.reports.ReportService - net.thucydides.core.reports.html.HtmlAcceptanceTestReporter@7991c353: Generating report for test outcome: POC Example - Put actions:Create a new user based on JSON file (resource)

18:39:42.619 [pool-3-thread-3] DEBUG net.thucydides.core.reports.ReportService - Processing test outcome POC Example - Get actions:Testing an Endpoint - Get action using JSON resource

18:39:42.619 [pool-3-thread-3] DEBUG net.thucydides.core.reports.ReportService - net.thucydides.core.reports.html.HtmlAcceptanceTestReporter@7991c353: Generating report for test outcome: POC Example - Get actions:Testing an Endpoint - Get action using JSON resource

18:39:42.619 [pool-3-thread-4] DEBUG net.thucydides.core.reports.ReportService - Processing test outcome POC Example - Get actions:Testing an Endpoint - Get action using string parameter

18:39:42.619 [pool-3-thread-4] DEBUG net.thucydides.core.reports.ReportService - net.thucydides.core.reports.html.HtmlAcceptanceTestReporter@7991c353: Generating report for test outcome: POC Example - Get actions:Testing an Endpoint - Get action using string parameter

18:39:42.619 [pool-3-thread-5] DEBUG net.thucydides.core.reports.ReportService - Processing test outcome POC Example - Get actions:Testing an Endpoint - Get action using string parameter by resource

18:39:42.619 [pool-3-thread-5] DEBUG net.thucydides.core.reports.ReportService - net.thucydides.core.reports.html.HtmlAcceptanceTestReporter@7991c353: Generating report for test outcome: POC Example - Get actions:Testing an Endpoint - Get action using string parameter by resource

18:39:42.619 [pool-3-thread-6] DEBUG net.thucydides.core.reports.ReportService - Processing test outcome POC Example - Get actions:Testing an Endpoint - Get action using example table

18:39:42.619 [pool-3-thread-6] DEBUG net.thucydides.core.reports.ReportService - net.thucydides.core.reports.html.HtmlAcceptanceTestReporter@7991c353: Generating report for test outcome: POC Example - Get actions:Testing an Endpoint - Get action using example table

18:39:42.619 [pool-3-thread-7] DEBUG net.thucydides.core.reports.ReportService - Processing test outcome POC Example - Get actions:Testing an Endpoint - Get action using example table with key

18:39:42.619 [pool-3-thread-7] DEBUG net.thucydides.core.reports.ReportService - net.thucydides.core.reports.html.HtmlAcceptanceTestReporter@7991c353: Generating report for test outcome: POC Example - Get actions:Testing an Endpoint - Get action using example table with key

18:39:42.664 [pool-3-thread-1] DEBUG net.thucydides.core.requirements.model.cucumber.CucumberParser - Added feature POC Example - Put actions

18:39:42.664 [pool-3-thread-7] DEBUG net.thucydides.core.requirements.model.cucumber.CucumberParser - Added feature POC Example - Put actions

18:39:42.664 [pool-3-thread-6] DEBUG net.thucydides.core.requirements.model.cucumber.CucumberParser - Added feature POC Example - Put actions

18:39:42.665 [pool-3-thread-4] DEBUG net.thucydides.core.requirements.model.cucumber.CucumberParser - Added feature POC Example - Put actions

18:39:42.665 [pool-3-thread-5] DEBUG net.thucydides.core.requirements.model.cucumber.CucumberParser - Added feature POC Example - Put actions

18:39:42.665 [pool-3-thread-2] DEBUG net.thucydides.core.requirements.model.cucumber.CucumberParser - Added feature POC Example - Put actions

18:39:42.665 [pool-3-thread-3] DEBUG net.thucydides.core.requirements.model.cucumber.CucumberParser - Added feature POC Example - Put actions

18:39:42.684 [pool-3-thread-4] DEBUG net.thucydides.core.requirements.model.cucumber.CucumberParser - Added feature POC Example - Get actions

18:39:42.684 [pool-3-thread-1] DEBUG net.thucydides.core.requirements.model.cucumber.CucumberParser - Added feature POC Example - Get actions

18:39:42.685 [pool-3-thread-5] DEBUG net.thucydides.core.requirements.model.cucumber.CucumberParser - Added feature POC Example - Get actions

18:39:42.685 [pool-3-thread-3] DEBUG net.thucydides.core.requirements.model.cucumber.CucumberParser - Added feature POC Example - Get actions

18:39:42.686 [pool-3-thread-6] DEBUG net.thucydides.core.requirements.model.cucumber.CucumberParser - Added feature POC Example - Get actions

18:39:42.687 [pool-3-thread-2] DEBUG net.thucydides.core.requirements.model.cucumber.CucumberParser - Added feature POC Example - Get actions

18:39:42.688 [pool-3-thread-7] DEBUG net.thucydides.core.requirements.model.cucumber.CucumberParser - Added feature POC Example - Get actions

18:39:53.865 [pool-3-thread-5] DEBUG serenity.reporting - Generating report in de0c7d126eca73709d18d362526d6927438b025e099384521f0101aad1889da3.html

18:39:53.865 [pool-3-thread-3] DEBUG serenity.reporting - Generating report in 880356e37ea0d7390dfc31a82e800a503328eab45cae8098d0251b466538a72b.html

18:39:53.865 [pool-3-thread-2] DEBUG serenity.reporting - Generating report in 16a874e4871b19a95300fff5390286e7c11510081e05d409d49aae5f55f50488.html

18:39:53.865 [pool-3-thread-1] DEBUG serenity.reporting - Generating report in 0805d5a2408244c86b6ad2f18b5b25a0adf35b620f9e571d2db0ac7d0af98f16.html

18:39:53.866 [pool-3-thread-7] DEBUG serenity.reporting - Generating report in 4bd69fc19994716d5ccfcb666a1522e73d43b5829a4edaff33da9a9bbaa15c70.html

18:39:53.866 [pool-3-thread-6] DEBUG serenity.reporting - Generating report in dcf53dd971666d917712594bd34386814e325d29bd3a5a8e03b964fbb63531e0.html

18:39:53.867 [pool-3-thread-4] DEBUG serenity.reporting - Generating report in 63bd63bf163c67d6b1cf7f5c1a6d92bbc1e120ed90ce45244ffec773d8bb9a34.html

18:39:54.196 [pool-3-thread-1] DEBUG net.thucydides.core.reports.ReportService - Processing test outcome POC Example - Put actions:Create a new user based on body request done

18:39:54.196 [pool-3-thread-2] DEBUG net.thucydides.core.reports.ReportService - Processing test outcome POC Example - Put actions:Create a new user based on JSON file (resource) done

18:39:54.212 [pool-3-thread-5] DEBUG net.thucydides.core.reports.ReportService - Processing test outcome POC Example - Get actions:Testing an Endpoint - Get action using string parameter by resource done

18:39:54.215 [pool-3-thread-4] DEBUG net.thucydides.core.reports.ReportService - Processing test outcome POC Example - Get actions:Testing an Endpoint - Get action using string parameter done

18:39:54.215 [pool-3-thread-3] DEBUG net.thucydides.core.reports.ReportService - Processing test outcome POC Example - Get actions:Testing an Endpoint - Get action using JSON resource done

18:39:54.259 [pool-3-thread-7] DEBUG net.thucydides.core.reports.ReportService - Processing test outcome POC Example - Get actions:Testing an Endpoint - Get action using example table with key done

18:39:54.259 [pool-3-thread-6] DEBUG net.thucydides.core.reports.ReportService - Processing test outcome POC Example - Get actions:Testing an Endpoint - Get action using example table done

18:39:54.259 [pool-2-thread-1] DEBUG net.thucydides.core.reports.ReportService - Shutting down executor service

18:39:54.259 [pool-2-thread-1] DEBUG net.thucydides.core.reports.ReportService - Reports generated in: 11641 ms

18:39:54.411 [pool-2-thread-1] INFO io.cucumber.core.plugin.SerenityReporter - Cleanup test resources for URI classpath:features/CreateSubscriber.feature

18:39:54.413 [pool-2-thread-1] INFO io.cucumber.core.plugin.SerenityReporter - Cleanup test resources for URI classpath:features/GetSubscribers.feature


Scenario: Testing an Endpoint - Get action using JSON resource &amp#27;[90m# features/GetSubscribers.feature:7&amp#27;[0m
18:39:39.370 [pool-2-thread-1] INFO io.cucumber.core.plugin.SerenityReporter - Running feature from classpath:features/GetSubscribers.feature
18:39:39.372 [pool-2-thread-1] INFO  - 
  _____   ___   ___   _____     ___   _____     _     ___   _____   ___   ___  
 |_   _| | __| / __| |_   _|   / __| |_   _|   /_\   | _ \ |_   _| | __| |   \ 
   | |   | _|  \__ \   | |     \__ \   | |    / _ \  |   /   | |   | _|  | |) |
   |_|   |___| |___/   |_|     |___/   |_|   /_/ \_\ |_|_\   |_|   |___| |___/ 

Testing an Endpoint - Get action using JSON resource(poc-example---get-actions;testing-an-endpoint---get-action-using-json-resource)
--------------------------------------------------------------------------------
18:39:39.387 [pool-2-thread-1] DEBUG net.thucydides.core.steps.StepInterceptor - STARTING STEP: SubscriptionSteps.iGetTheResponseFromTheEndpoint - I get the endpoint {string}
18:39:39.744 [pool-2-thread-1] DEBUG net.thucydides.core.steps.StepInterceptor - STEP DONE: I get the endpoint {string}
  &amp#27;[32mGiven &amp#27;[0m&amp#27;[32mI get the response from the endpoint&amp#27;[0m                   &amp#27;[90m# steps.SubscriptionSteps.iGetTheResponseFromTheEndpoint()&amp#27;[0m
  &amp#27;[32mThen &amp#27;[0m&amp#27;[32mI get the response code equals to &amp#27;[0m&amp#27;[32m&amp#27;[1m200&amp#27;[0m                   &amp#27;[90m# steps.SubscriptionSteps.iGetTheResponseCodeEqualsTo(int)&amp#27;[0m
18:39:39.749 [pool-2-thread-1] INFO  - 
  _____   ___   ___   _____     ___     _     ___   ___   ___   ___  
 |_   _| | __| / __| |_   _|   | _ \   /_\   / __| / __| | __| |   \ 
   | |   | _|  \__ \   | |     |  _/  / _ \  \__ \ \__ \ | _|  | |) |
   |_|   |___| |___/   |_|     |_|   /_/ \_\ |___/ |___/ |___| |___/ 

Testing an Endpoint - Get action using JSON resource
----------------------------------------------------------------------
]]></system-out>
  </testcase>
  <testcase name="Testing an Endpoint - Get action using string parameter" classname="POC Example - Get actions" time="0.366">
    <system-out><![CDATA[
Scenario: Testing an Endpoint - Get action using string parameter                                      &amp#27;[90m# features/GetSubscribers.feature:12&amp#27;[0m
18:39:39.753 [pool-2-thread-1] INFO io.cucumber.core.plugin.SerenityReporter - Running feature from classpath:features/GetSubscribers.feature
18:39:39.754 [pool-2-thread-1] INFO  - 
  _____   ___   ___   _____     ___   _____     _     ___   _____   ___   ___  
 |_   _| | __| / __| |_   _|   / __| |_   _|   /_\   | _ \ |_   _| | __| |   \ 
   | |   | _|  \__ \   | |     \__ \   | |    / _ \  |   /   | |   | _|  | |) |
   |_|   |___| |___/   |_|     |___/   |_|   /_/ \_\ |_|_\   |_|   |___| |___/ 

Testing an Endpoint - Get action using string parameter(poc-example---get-actions;testing-an-endpoint---get-action-using-string-parameter)
--------------------------------------------------------------------------------
18:39:39.766 [pool-2-thread-1] DEBUG net.thucydides.core.steps.StepInterceptor - STARTING STEP: SubscriptionSteps.iGetTheResponseFromTheEndpoint - I get the endpoint {string}
18:39:40.105 [pool-2-thread-1] DEBUG net.thucydides.core.steps.StepInterceptor - STEP DONE: I get the endpoint {string}
  &amp#27;[32mGiven &amp#27;[0m&amp#27;[32mI get the response from the endpoint &amp#27;[0m&amp#27;[32m&amp#27;[1m"https://61ef2acfd593d20017dbb33b.mockapi.io/api/v1/Data"&amp#27;[0m &amp#27;[90m# steps.SubscriptionSteps.iGetTheResponseFromTheEndpoint(java.lang.String)&amp#27;[0m
  &amp#27;[32mThen &amp#27;[0m&amp#27;[32mI get the response code equals to &amp#27;[0m&amp#27;[32m&amp#27;[1m200&amp#27;[0m                                                           &amp#27;[90m# steps.SubscriptionSteps.iGetTheResponseCodeEqualsTo(int)&amp#27;[0m
18:39:40.115 [pool-2-thread-1] INFO  - 
  _____   ___   ___   _____     ___     _     ___   ___   ___   ___  
 |_   _| | __| / __| |_   _|   | _ \   /_\   / __| / __| | __| |   \ 
   | |   | _|  \__ \   | |     |  _/  / _ \  \__ \ \__ \ | _|  | |) |
   |_|   |___| |___/   |_|     |_|   /_/ \_\ |___/ |___/ |___| |___/ 

Testing an Endpoint - Get action using string parameter
----------------------------------------------------------------------
]]></system-out>
  </testcase>
  <testcase name="Testing an Endpoint - Get action using string parameter by resource" classname="POC Example - Get actions" time="0.356">
    <system-out><![CDATA[
Scenario: Testing an Endpoint - Get action using string parameter by resource &amp#27;[90m# features/GetSubscribers.feature:17&amp#27;[0m
18:39:40.127 [pool-2-thread-1] INFO io.cucumber.core.plugin.SerenityReporter - Running feature from classpath:features/GetSubscribers.feature
18:39:40.138 [pool-2-thread-1] INFO  - 
  _____   ___   ___   _____     ___   _____     _     ___   _____   ___   ___  
 |_   _| | __| / __| |_   _|   / __| |_   _|   /_\   | _ \ |_   _| | __| |   \ 
   | |   | _|  \__ \   | |     \__ \   | |    / _ \  |   /   | |   | _|  | |) |
   |_|   |___| |___/   |_|     |___/   |_|   /_/ \_\ |_|_\   |_|   |___| |___/ 

Testing an Endpoint - Get action using string parameter by resource(poc-example---get-actions;testing-an-endpoint---get-action-using-string-parameter-by-resource)
--------------------------------------------------------------------------------
18:39:40.158 [pool-2-thread-1] DEBUG net.thucydides.core.steps.StepInterceptor - STARTING STEP: SubscriptionSteps.iGetEndpointByResource - I get the endpoint by resource {string}
18:39:40.468 [pool-2-thread-1] DEBUG net.thucydides.core.steps.StepInterceptor - STEP DONE: I get the endpoint by resource {string}
  &amp#27;[32mGiven &amp#27;[0m&amp#27;[32mI get the endpoint by resource &amp#27;[0m&amp#27;[32m&amp#27;[1m"my_endpoint"&amp#27;[0m                          &amp#27;[90m# steps.SubscriptionSteps.iGetEndpointByResource(java.lang.String)&amp#27;[0m
  &amp#27;[32mThen &amp#27;[0m&amp#27;[32mI get the response code equals to &amp#27;[0m&amp#27;[32m&amp#27;[1m200&amp#27;[0m                                  &amp#27;[90m# steps.SubscriptionSteps.iGetTheResponseCodeEqualsTo(int)&amp#27;[0m
18:39:40.471 [pool-2-thread-1] INFO  - 
  _____   ___   ___   _____     ___     _     ___   ___   ___   ___  
 |_   _| | __| / __| |_   _|   | _ \   /_\   / __| / __| | __| |   \ 
   | |   | _|  \__ \   | |     |  _/  / _ \  \__ \ \__ \ | _|  | |) |
   |_|   |___| |___/   |_|     |_|   /_/ \_\ |___/ |___/ |___| |___/ 

Testing an Endpoint - Get action using string parameter by resource
----------------------------------------------------------------------
]]></system-out>
  </testcase>
  <testcase name="Testing an Endpoint - Get action using example table #1" classname="POC Example - Get actions" time="0.326">
    <system-out><![CDATA[
Scenario Outline: Testing an Endpoint - Get action using example table                                 &amp#27;[90m# features/GetSubscribers.feature:28&amp#27;[0m
18:39:40.474 [pool-2-thread-1] INFO io.cucumber.core.plugin.SerenityReporter - Running feature from classpath:features/GetSubscribers.feature
18:39:40.480 [pool-2-thread-1] INFO  - 
  _____   ___   ___   _____     ___   _____     _     ___   _____   ___   ___  
 |_   _| | __| / __| |_   _|   / __| |_   _|   /_\   | _ \ |_   _| | __| |   \ 
   | |   | _|  \__ \   | |     \__ \   | |    / _ \  |   /   | |   | _|  | |) |
   |_|   |___| |___/   |_|     |___/   |_|   /_/ \_\ |_|_\   |_|   |___| |___/ 

Testing an Endpoint - Get action using example table(poc-example---get-actions;testing-an-endpoint---get-action-using-example-table)
--------------------------------------------------------------------------------
18:39:40.491 [pool-2-thread-1] DEBUG net.thucydides.core.steps.StepInterceptor - STARTING STEP: SubscriptionSteps.iGetTheResponseFromTheEndpoint - I get the endpoint {string}
18:39:40.793 [pool-2-thread-1] DEBUG net.thucydides.core.steps.StepInterceptor - STEP DONE: I get the endpoint {string}
  &amp#27;[32mGiven &amp#27;[0m&amp#27;[32mI get the response from the endpoint &amp#27;[0m&amp#27;[32m&amp#27;[1m"https://61ef2acfd593d20017dbb33b.mockapi.io/api/v1/Data"&amp#27;[0m &amp#27;[90m# steps.SubscriptionSteps.iGetTheResponseFromTheEndpoint(java.lang.String)&amp#27;[0m
  &amp#27;[32mThen &amp#27;[0m&amp#27;[32mI get the response code equals to &amp#27;[0m&amp#27;[32m&amp#27;[1m200&amp#27;[0m                                                           &amp#27;[90m# steps.SubscriptionSteps.iGetTheResponseCodeEqualsTo(int)&amp#27;[0m
18:39:40.798 [pool-2-thread-1] INFO  - 
  _____   ___   ___   _____     ___     _     ___   ___   ___   ___  
 |_   _| | __| / __| |_   _|   | _ \   /_\   / __| / __| | __| |   \ 
   | |   | _|  \__ \   | |     |  _/  / _ \  \__ \ \__ \ | _|  | |) |
   |_|   |___| |___/   |_|     |_|   /_/ \_\ |___/ |___/ |___| |___/ 

Testing an Endpoint - Get action using example table
----------------------------------------------------------------------
]]></system-out>
  </testcase>
  <testcase name="Testing an Endpoint - Get action using example table #2" classname="POC Example - Get actions" time="0.306">
    <system-out><![CDATA[
Scenario Outline: Testing an Endpoint - Get action using example table                                 &amp#27;[90m# features/GetSubscribers.feature:29&amp#27;[0m
18:39:40.800 [pool-2-thread-1] INFO io.cucumber.core.plugin.SerenityReporter - Running feature from classpath:features/GetSubscribers.feature
18:39:40.804 [pool-2-thread-1] DEBUG net.thucydides.core.steps.StepInterceptor - STARTING STEP: SubscriptionSteps.iGetTheResponseFromTheEndpoint - I get the endpoint {string}
18:39:41.099 [pool-2-thread-1] DEBUG net.thucydides.core.steps.StepInterceptor - STEP DONE: I get the endpoint {string}
  &amp#27;[32mGiven &amp#27;[0m&amp#27;[32mI get the response from the endpoint &amp#27;[0m&amp#27;[32m&amp#27;[1m"https://61ef2acfd593d20017dbb33b.mockapi.io/api/v1/Data"&amp#27;[0m &amp#27;[90m# steps.SubscriptionSteps.iGetTheResponseFromTheEndpoint(java.lang.String)&amp#27;[0m
  &amp#27;[32mThen &amp#27;[0m&amp#27;[32mI get the response code equals to &amp#27;[0m&amp#27;[32m&amp#27;[1m200&amp#27;[0m                                                           &amp#27;[90m# steps.SubscriptionSteps.iGetTheResponseCodeEqualsTo(int)&amp#27;[0m
18:39:41.103 [pool-2-thread-1] INFO  - 
  _____   ___   ___   _____     ___     _     ___   ___   ___   ___  
 |_   _| | __| / __| |_   _|   | _ \   /_\   / __| / __| | __| |   \ 
   | |   | _|  \__ \   | |     |  _/  / _ \  \__ \ \__ \ | _|  | |) |
   |_|   |___| |___/   |_|     |_|   /_/ \_\ |___/ |___/ |___| |___/ 

Testing an Endpoint - Get action using example table
----------------------------------------------------------------------
]]></system-out>
  </testcase>
  <testcase name="Testing an Endpoint - Get action using example table #3" classname="POC Example - Get actions" time="0.315">
    <system-out><![CDATA[
Scenario Outline: Testing an Endpoint - Get action using example table                                 &amp#27;[90m# features/GetSubscribers.feature:30&amp#27;[0m
18:39:41.105 [pool-2-thread-1] INFO io.cucumber.core.plugin.SerenityReporter - Running feature from classpath:features/GetSubscribers.feature
18:39:41.110 [pool-2-thread-1] DEBUG net.thucydides.core.steps.StepInterceptor - STARTING STEP: SubscriptionSteps.iGetTheResponseFromTheEndpoint - I get the endpoint {string}
18:39:41.413 [pool-2-thread-1] DEBUG net.thucydides.core.steps.StepInterceptor - STEP DONE: I get the endpoint {string}
  &amp#27;[32mGiven &amp#27;[0m&amp#27;[32mI get the response from the endpoint &amp#27;[0m&amp#27;[32m&amp#27;[1m"https://61ef2acfd593d20017dbb33b.mockapi.io/api/v1/Data"&amp#27;[0m &amp#27;[90m# steps.SubscriptionSteps.iGetTheResponseFromTheEndpoint(java.lang.String)&amp#27;[0m
  &amp#27;[32mThen &amp#27;[0m&amp#27;[32mI get the response code equals to &amp#27;[0m&amp#27;[32m&amp#27;[1m200&amp#27;[0m                                                           &amp#27;[90m# steps.SubscriptionSteps.iGetTheResponseCodeEqualsTo(int)&amp#27;[0m
]]></system-out>
  </testcase>
  <testcase name="Testing an Endpoint - Get action using example table with key #1" classname="POC Example - Get actions" time="0.315">
    <system-out><![CDATA[
Scenario Outline: Testing an Endpoint - Get action using example table with key &amp#27;[90m# features/GetSubscribers.feature:40&amp#27;[0m
18:39:41.421 [pool-2-thread-1] INFO io.cucumber.core.plugin.SerenityReporter - Running feature from classpath:features/GetSubscribers.feature
18:39:41.422 [pool-2-thread-1] INFO  - 
  _____   ___   ___   _____     ___   _____     _     ___   _____   ___   ___  
 |_   _| | __| / __| |_   _|   / __| |_   _|   /_\   | _ \ |_   _| | __| |   \ 
   | |   | _|  \__ \   | |     \__ \   | |    / _ \  |   /   | |   | _|  | |) |
   |_|   |___| |___/   |_|     |___/   |_|   /_/ \_\ |_|_\   |_|   |___| |___/ 

Testing an Endpoint - Get action using example table with key(poc-example---get-actions;testing-an-endpoint---get-action-using-example-table-with-key)
--------------------------------------------------------------------------------
18:39:41.429 [pool-2-thread-1] DEBUG net.thucydides.core.steps.StepInterceptor - STARTING STEP: SubscriptionSteps.iGetTheResponseFromTheEndpointWithKey - I get the endpoint {string}
18:39:41.726 [pool-2-thread-1] DEBUG net.thucydides.core.steps.StepInterceptor - STEP DONE: I get the endpoint {string}
  &amp#27;[32mGiven &amp#27;[0m&amp#27;[32mI get the response from the endpoint file with key &amp#27;[0m&amp#27;[32m&amp#27;[1m"my_endpoint"&amp#27;[0m        &amp#27;[90m# steps.SubscriptionSteps.iGetTheResponseFromTheEndpointWithKey(java.lang.String)&amp#27;[0m
  &amp#27;[32mThen &amp#27;[0m&amp#27;[32mI get the response code equals to &amp#27;[0m&amp#27;[32m&amp#27;[1m200&amp#27;[0m                                    &amp#27;[90m# steps.SubscriptionSteps.iGetTheResponseCodeEqualsTo(int)&amp#27;[0m
18:39:41.733 [pool-2-thread-1] INFO  - 
  _____   ___   ___   _____     ___     _     ___   ___   ___   ___  
 |_   _| | __| / __| |_   _|   | _ \   /_\   / __| / __| | __| |   \ 
   | |   | _|  \__ \   | |     |  _/  / _ \  \__ \ \__ \ | _|  | |) |
   |_|   |___| |___/   |_|     |_|   /_/ \_\ |___/ |___/ |___| |___/ 

Testing an Endpoint - Get action using example table with key
----------------------------------------------------------------------
]]></system-out>
  </testcase>
  <testcase name="Testing an Endpoint - Get action using example table with key #2" classname="POC Example - Get actions" time="0.366">
    <system-out><![CDATA[
Scenario Outline: Testing an Endpoint - Get action using example table with key &amp#27;[90m# features/GetSubscribers.feature:41&amp#27;[0m
18:39:41.737 [pool-2-thread-1] INFO io.cucumber.core.plugin.SerenityReporter - Running feature from classpath:features/GetSubscribers.feature
18:39:41.758 [pool-2-thread-1] DEBUG net.thucydides.core.steps.StepInterceptor - STARTING STEP: SubscriptionSteps.iGetTheResponseFromTheEndpointWithKey - I get the endpoint {string}
18:39:42.088 [pool-2-thread-1] DEBUG net.thucydides.core.steps.StepInterceptor - STEP DONE: I get the endpoint {string}
  &amp#27;[32mGiven &amp#27;[0m&amp#27;[32mI get the response from the endpoint file with key &amp#27;[0m&amp#27;[32m&amp#27;[1m"my_endpoint2"&amp#27;[0m       &amp#27;[90m# steps.SubscriptionSteps.iGetTheResponseFromTheEndpointWithKey(java.lang.String)&amp#27;[0m
  &amp#27;[32mThen &amp#27;[0m&amp#27;[32mI get the response code equals to &amp#27;[0m&amp#27;[32m&amp#27;[1m200&amp#27;[0m                                    &amp#27;[90m# steps.SubscriptionSteps.iGetTheResponseCodeEqualsTo(int)&amp#27;[0m
18:39:42.099 [pool-2-thread-1] INFO  - 
  _____   ___   ___   _____     ___     _     ___   ___   ___   ___  
 |_   _| | __| / __| |_   _|   | _ \   /_\   / __| / __| | __| |   \ 
   | |   | _|  \__ \   | |     |  _/  / _ \  \__ \ \__ \ | _|  | |) |
   |_|   |___| |___/   |_|     |_|   /_/ \_\ |___/ |___/ |___| |___/ 

Testing an Endpoint - Get action using example table with key
----------------------------------------------------------------------
]]></system-out>
  </testcase>
  <testcase name="Testing an Endpoint - Get action using example table with key #3" classname="POC Example - Get actions" time="0.36">
    <system-out><![CDATA[
Scenario Outline: Testing an Endpoint - Get action using example table with key &amp#27;[90m# features/GetSubscribers.feature:42&amp#27;[0m
18:39:42.103 [pool-2-thread-1] INFO io.cucumber.core.plugin.SerenityReporter - Running feature from classpath:features/GetSubscribers.feature
18:39:42.158 [pool-2-thread-1] DEBUG net.thucydides.core.steps.StepInterceptor - STARTING STEP: SubscriptionSteps.iGetTheResponseFromTheEndpointWithKey - I get the endpoint {string}
18:39:42.455 [pool-2-thread-1] DEBUG net.thucydides.core.steps.StepInterceptor - STEP DONE: I get the endpoint {string}
  &amp#27;[32mGiven &amp#27;[0m&amp#27;[32mI get the response from the endpoint file with key &amp#27;[0m&amp#27;[32m&amp#27;[1m"my_endpoint3"&amp#27;[0m       &amp#27;[90m# steps.SubscriptionSteps.iGetTheResponseFromTheEndpointWithKey(java.lang.String)&amp#27;[0m
  &amp#27;[32mThen &amp#27;[0m&amp#27;[32mI get the response code equals to &amp#27;[0m&amp#27;[32m&amp#27;[1m200&amp#27;[0m                                    &amp#27;[90m# steps.SubscriptionSteps.iGetTheResponseCodeEqualsTo(int)&amp#27;[0m
]]></system-out>
  </testcase>
</testsuite>