<?xml version="1.0" encoding="UTF-8"?>
<testsuite xmlns:xsi="http://www.w3.org/2001/XMLSchema-instance" xsi:noNamespaceSchemaLocation="https://maven.apache.org/surefire/maven-failsafe-plugin/xsd/failsafe-test-report-3.0.xsd" version="3.0" name="POC Example - Put actions" time="4.679" tests="2" errors="0" skipped="0" failures="0">
  <properties>
[...]
</properties>
  <testcase name="Create a new user based on body request" classname="POC Example - Put actions" time="4.332">
    <system-out><![CDATA[18:39:34.501 [pool-2-thread-1] INFO io.cucumber.core.plugin.SerenityReporter - Running feature from classpath:features/CreateSubscriber.feature

18:39:34.651 [pool-2-thread-1] INFO  - 

-------------------------------------------------------------------------------------
     _______. _______ .______       _______ .__   __.  __  .___________.____    ____ 
    /       ||   ____||   _  \     |   ____||  \ |  | |  | |           |\   \  /   / 
   |   (----`|  |__   |  |_)  |    |  |__   |   \|  | |  | `---|  |----` \   \/   /  
    \   \    |   __|  |      /     |   __|  |  . `  | |  |     |  |       \_    _/   
.----)   |   |  |____ |  |\  \----.|  |____ |  |\   | |  |     |  |         |  |     
|_______/    |_______|| _| `._____||_______||__| \__| |__|     |__|         |__|    
                                                                                     
 News and tutorials at http://www.serenity-bdd.info                                  
 Documentation at https://wakaleo.gitbooks.io/the-serenity-book/content/             
 Join the Serenity Community on Gitter: https://gitter.im/serenity-bdd/serenity-core 
 Serenity BDD Support and Training at http://serenity-bdd.info/#/trainingandsupport  
-------------------------------------------------------------------------------------


18:39:34.653 [pool-2-thread-1] DEBUG net.thucydides.core.steps.StepEventBus - Test suite started for story net.thucydides.core.model.Story@bb049a4e

18:39:34.655 [pool-2-thread-1] INFO  - Test Suite Started: POC Example - Put actions

18:39:34.665 [pool-2-thread-1] INFO io.cucumber.core.plugin.SerenityReporter - Running feature from classpath:features/GetSubscribers.feature

18:39:34.672 [pool-2-thread-1] DEBUG net.thucydides.core.steps.StepEventBus - Test suite started for story net.thucydides.core.model.Story@f2b34778

18:39:34.672 [pool-2-thread-1] INFO  - Test Suite Started: POC Example - Get actions


Scenario: Create a new user based on body request                                                                                                  &amp#27;[90m# features/CreateSubscriber.feature:7&amp#27;[0m
18:39:34.794 [pool-2-thread-1] INFO io.cucumber.core.plugin.SerenityReporter - Running feature from classpath:features/CreateSubscriber.feature
18:39:34.889 [pool-2-thread-1] INFO  - 
  _____   ___   ___   _____     ___   _____     _     ___   _____   ___   ___  
 |_   _| | __| / __| |_   _|   / __| |_   _|   /_\   | _ \ |_   _| | __| |   \ 
   | |   | _|  \__ \   | |     \__ \   | |    / _ \  |   /   | |   | _|  | |) |
   |_|   |___| |___/   |_|     |___/   |_|   /_/ \_\ |_|_\   |_|   |___| |___/ 

Create a new user based on body request(poc-example---put-actions;create-a-new-user-based-on-body-request)
--------------------------------------------------------------------------------
18:39:34.974 [pool-2-thread-1] DEBUG net.thucydides.core.requirements.model.cucumber.CucumberParser - Added feature POC Example - Put actions
18:39:35.010 [pool-2-thread-1] DEBUG net.thucydides.core.requirements.model.cucumber.CucumberParser - Added feature POC Example - Get actions
  &amp#27;[32mGiven &amp#27;[0m&amp#27;[32mI have new users to create&amp#27;[0m                                                                                                                 &amp#27;[90m# steps.SubscriptionSteps.iHaveANewUser(java.util.List<java.util.Map<java.lang.String, java.lang.String>>)&amp#27;[0m
18:39:35.375 [pool-2-thread-1] DEBUG net.thucydides.core.steps.StepInterceptor - STARTING STEP: SubscriptionSteps.iSendAPOSTQueryToCreateANewUser - I send a POST query to {string} with header {string} and body {string}
THIS IS: net.serenitybdd.rest.decorators.ResponseDecorated@619e7c30
18:39:38.962 [pool-2-thread-1] DEBUG net.thucydides.core.steps.StepInterceptor - STEP DONE: I send a POST query to {string} with header {string} and body {string}
  &amp#27;[32mWhen &amp#27;[0m&amp#27;[32mI create a new user using POST request body string &amp#27;[0m&amp#27;[32m&amp#27;[1m"{\"user\": \"User\", \"email\": \"userfromjson@test.com\", \"subscription\": \"true\"}"&amp#27;[0m &amp#27;[90m# steps.SubscriptionSteps.iSendAPOSTQueryToCreateANewUser(java.lang.String)&amp#27;[0m
  &amp#27;[32mThen &amp#27;[0m&amp#27;[32mI get the response code equals to &amp#27;[0m&amp#27;[32m&amp#27;[1m201&amp#27;[0m                                                                                                       &amp#27;[90m# steps.SubscriptionSteps.iGetTheResponseCodeEqualsTo(int)&amp#27;[0m
18:39:39.001 [pool-2-thread-1] INFO  - 
  _____   ___   ___   _____     ___     _     ___   ___   ___   ___  
 |_   _| | __| / __| |_   _|   | _ \   /_\   / __| / __| | __| |   \ 
   | |   | _|  \__ \   | |     |  _/  / _ \  \__ \ \__ \ | _|  | |) |
   |_|   |___| |___/   |_|     |_|   /_/ \_\ |___/ |___/ |___| |___/ 

Create a new user based on body request
----------------------------------------------------------------------
]]></system-out>
  </testcase>
  <testcase name="Create a new user based on JSON file (resource)" classname="POC Example - Put actions" time="0.347">
    <system-out><![CDATA[
Scenario: Create a new user based on JSON file (resource)          &amp#27;[90m# features/CreateSubscriber.feature:17&amp#27;[0m
18:39:39.010 [pool-2-thread-1] INFO io.cucumber.core.plugin.SerenityReporter - Running feature from classpath:features/CreateSubscriber.feature
18:39:39.013 [pool-2-thread-1] INFO  - 
  _____   ___   ___   _____     ___   _____     _     ___   _____   ___   ___  
 |_   _| | __| / __| |_   _|   / __| |_   _|   /_\   | _ \ |_   _| | __| |   \ 
   | |   | _|  \__ \   | |     \__ \   | |    / _ \  |   /   | |   | _|  | |) |
   |_|   |___| |___/   |_|     |___/   |_|   /_/ \_\ |_|_\   |_|   |___| |___/ 

Create a new user based on JSON file (resource)(poc-example---put-actions;create-a-new-user-based-on-json-file-(resource))
--------------------------------------------------------------------------------
18:39:39.023 [pool-2-thread-1] DEBUG net.thucydides.core.steps.StepInterceptor - STARTING STEP: SubscriptionSteps.iGetTheResponseFromTheEndpointFileWithKey - I send a POST query using resource with key {key}
18:39:39.347 [pool-2-thread-1] DEBUG net.thucydides.core.steps.StepInterceptor - STEP DONE: I send a POST query using resource with key {key}
  &amp#27;[32mWhen &amp#27;[0m&amp#27;[32mI create a new user using resources with key &amp#27;[0m&amp#27;[32m&amp#27;[1m"userCreation"&amp#27;[0m &amp#27;[90m# steps.SubscriptionSteps.iGetTheResponseFromTheEndpointFileWithKey(java.lang.String)&amp#27;[0m
  &amp#27;[32mThen &amp#27;[0m&amp#27;[32mI get the response code equals to &amp#27;[0m&amp#27;[32m&amp#27;[1m201&amp#27;[0m                       &amp#27;[90m# steps.SubscriptionSteps.iGetTheResponseCodeEqualsTo(int)&amp#27;[0m
18:39:39.352 [pool-2-thread-1] INFO  - 
  _____   ___   ___   _____     ___     _     ___   ___   ___   ___  
 |_   _| | __| / __| |_   _|   | _ \   /_\   / __| / __| | __| |   \ 
   | |   | _|  \__ \   | |     |  _/  / _ \  \__ \ \__ \ | _|  | |) |
   |_|   |___| |___/   |_|     |_|   /_/ \_\ |___/ |___/ |___| |___/ 

Create a new user based on JSON file (resource)
----------------------------------------------------------------------
]]></system-out>
  </testcase>
</testsuite>