<?xml version="1.0" encoding="UTF-8"?><testsuite errors="0" failures="0" name="POC Example - Get actions" skipped="0" tests="9" time="3.05" timestamp="2022-02-09 06:39:39"><testcase name="Testing an Endpoint - Get action using JSON resource"/><testcase name="Testing an Endpoint - Get action using string parameter"/><testcase name="Testing an Endpoint - Get action using string parameter by resource"/><testcase name="Testing an Endpoint - Get action using example table"/><testcase name="Testing an Endpoint - Get action using example table with key"/></testsuite>